2022-03-10 22:36:54 [main] com.mg.warning.json.ReadJSON.readEntities()
INFO: JSON imported successfully
2022-03-10 22:36:54 [main] com.mg.warning.configuration.Initialize.saveData()
INFO: Entities written successfully
2022-03-10 22:36:55 [main] com.mg.warning.alert.children.ChildService.getChildrenWithFamilyDTO()
DEBUG: sort by address and ages then get family and children
2022-03-10 22:36:55 [main] com.mg.warning.medicalRecord.MedicalRecord.getAgeFromMedicalRecords()
DEBUG: getting age for Bobby, Dupont
2022-03-10 22:36:55 [main] com.mg.warning.alert.children.ChildService.getChildrenWithFamilyDTO()
DEBUG: check if children found
2022-03-10 22:36:55 [main] com.mg.warning.alert.children.ChildService.getChildrenWithFamilyDTO()
INFO: getChildrenWithFamilyDTO executed successfully
2022-03-10 22:36:55 [main] com.mg.warning.alert.email.EmailService.getEmailDTOS()
DEBUG: getting and writing emails
2022-03-10 22:36:55 [main] com.mg.warning.alert.email.EmailService.getEmailDTO()
INFO: getEmailDTO executed successfully
2022-03-10 22:36:55 [main] com.mg.warning.alert.fire.FireService.getFireDTO()
DEBUG: getting data
2022-03-10 22:36:55 [main] com.mg.warning.alert.fire.FireService.getFirePersonDTOS()
DEBUG: getting persons
2022-03-10 22:36:55 [main] com.mg.warning.medicalRecord.MedicalRecord.getAgeFromMedicalRecords()
DEBUG: getting age for Bobby, Dupont
2022-03-10 22:36:55 [main] com.mg.warning.alert.fire.FireService.getFireStationDTOS()
DEBUG: getting firestations
2022-03-10 22:36:55 [main] com.mg.warning.alert.fire.FireService.getFireDTO()
DEBUG: writing data
2022-03-10 22:36:55 [main] com.mg.warning.alert.fire.FireService.getFireDTO()
INFO: getFireDTO executed successfully
2022-03-10 22:36:55 [main] com.mg.warning.alert.firestation.FireStationService.getPersons()
DEBUG: find persons from firestation
2022-03-10 22:36:55 [main] com.mg.warning.alert.firestation.FireStationService.getFirestationDTOS()
DEBUG: get persons
2022-03-10 22:36:55 [main] com.mg.warning.alert.firestation.FireStationService.getMedicalRecords()
DEBUG: find medicalrecords from persons
2022-03-10 22:36:55 [main] com.mg.warning.alert.firestation.FireStationService.getFirestationAlertDTOWithSum()
DEBUG: check age status
2022-03-10 22:36:55 [main] com.mg.warning.alert.firestation.FireStationService.getFirestationAlertDTOWithSum()
INFO: getFirestationAlertDTOWithSum executed successfully
2022-03-10 22:36:55 [main] com.mg.warning.alert.flood.FloodService.getFirestations()
DEBUG: find firestations
2022-03-10 22:36:55 [main] com.mg.warning.alert.flood.FloodService.getFloodDTOS()
DEBUG: get and write persons and medicalrecords
2022-03-10 22:36:55 [main] com.mg.warning.alert.flood.FloodService.getFloodDTO()
INFO: getFloodDTO executed successfully
2022-03-10 22:36:55 [main] com.mg.warning.alert.personInfo.PersonInfoService.getPersonInfoDTOS()
DEBUG: get persons infos
2022-03-10 22:36:55 [main] com.mg.warning.alert.personInfo.PersonInfoService.extracted()
DEBUG: get medicalrecords infos
2022-03-10 22:36:55 [main] com.mg.warning.medicalRecord.MedicalRecord.getAgeFromMedicalRecords()
DEBUG: getting age for Bobby, Dupont
2022-03-10 22:36:55 [main] com.mg.warning.alert.personInfo.PersonInfoService.getPersonInfoDTO()
INFO: getPersonInfoDTO executed successfully
2022-03-10 22:36:55 [main] com.mg.warning.alert.phone.PhoneService.getPhoneDTO()
INFO: getPhoneDTO executed successfully
2022-03-10 22:36:56 [main] com.mg.warning.person.PersonController.updateOnePerson()
INFO: /person function update called for TestFirstName, TestLastName
2022-03-10 22:36:56 [main] com.mg.warning.person.PersonController.postOnePerson()
INFO: /person function post called for TestFirstName, TestLastName
2022-03-10 22:36:56 [main] com.mg.warning.person.PersonController.getAllPersons()
INFO: /person function get all called
