2022-04-19 13:55:45 [main] com.mg.warning.alert.service.AlertController.getAllPersonInfo()
INFO: /personInfo?firstName=TestFirstName&lastName=TestFirstName person info alert called
2022-04-19 13:55:45 [main] com.mg.warning.alert.personInfo.PersonInfoService.getPersonInfoDTO()
INFO: getPersonInfoDTO executed successfully
2022-04-19 13:55:45 [main] com.mg.warning.alert.service.AlertController.getAllFlood()
INFO: /flood/stations?stations=[42] flood alert called
2022-04-19 13:55:45 [main] com.mg.warning.alert.flood.FloodService.getFloodDTO()
INFO: getFloodDTO executed successfully
2022-04-19 13:55:45 [main] com.mg.warning.alert.service.AlertController.getAllPhone()
INFO: /phoneAlert?firestation=42 phone alert called
2022-04-19 13:55:45 [main] com.mg.warning.alert.phone.PhoneService.getPhoneDTO()
INFO: getPhoneDTO executed successfully
2022-04-19 13:55:45 [main] com.mg.warning.alert.service.AlertController.getAllChildrenAndFamily()
INFO: /childAlert?address=TestAddress child alert called
2022-04-19 13:55:45 [main] com.mg.warning.alert.children.ChildService.getChildrenWithFamilyDTO()
INFO: getChildrenWithFamilyDTO executed successfully
2022-04-19 13:55:45 [main] com.mg.warning.alert.service.AlertController.getAllEmail()
INFO: /communityEmail?city=TestCity child alert called
2022-04-19 13:55:45 [main] com.mg.warning.alert.email.EmailService.getEmailDTO()
INFO: getEmailDTO executed successfully
2022-04-19 13:55:45 [main] com.mg.warning.alert.service.AlertController.getAllFire()
INFO: /fire?address=TestAddress fire alert called
2022-04-19 13:55:45 [main] com.mg.warning.alert.fire.FireService.getFireDTO()
INFO: getFireDTO executed successfully
2022-04-19 13:55:45 [main] com.mg.warning.alert.service.AlertController.getAllFirestation()
INFO: /firestation?stationNumber=42 firestation alert called
2022-04-19 13:55:45 [main] com.mg.warning.alert.firestation.FirestationService.getFirestationAlertDTOWithSum()
INFO: getFirestationAlertDTOWithSum executed successfully
2022-04-19 13:55:47 [main] com.mg.warning.json.ReadJSON.readEntities()
INFO: JSON imported successfully
2022-04-19 13:55:47 [main] com.mg.warning.configuration.Initialize.saveData()
INFO: Entities written successfully
2022-04-19 13:55:47 [main] com.mg.warning.alert.children.ChildService.getChildrenWithFamilyDTO()
INFO: getChildrenWithFamilyDTO executed successfully
2022-04-19 13:55:48 [main] com.mg.warning.alert.email.EmailService.getEmailDTO()
INFO: getEmailDTO executed successfully
2022-04-19 13:55:48 [main] com.mg.warning.alert.fire.FireService.getFireDTO()
INFO: getFireDTO executed successfully
2022-04-19 13:55:48 [main] com.mg.warning.alert.firestation.FirestationService.getFirestationAlertDTOWithSum()
INFO: getFirestationAlertDTOWithSum executed successfully
2022-04-19 13:55:48 [main] com.mg.warning.alert.flood.FloodService.getFloodDTO()
INFO: getFloodDTO executed successfully
2022-04-19 13:55:48 [main] com.mg.warning.alert.personInfo.PersonInfoService.getPersonInfoDTO()
INFO: getPersonInfoDTO executed successfully
2022-04-19 13:55:48 [main] com.mg.warning.alert.phone.PhoneService.getPhoneDTO()
INFO: getPhoneDTO executed successfully
2022-04-19 13:55:48 [main] com.mg.warning.firestation.FireStationController.delOnePerson()
INFO: /person function update called for firestation number : 42
2022-04-19 13:55:48 [main] com.mg.warning.firestation.FireStationController.getAllFirestation()
INFO: /person function get all called
2022-04-19 13:55:48 [main] com.mg.warning.firestation.FireStationController.postOneFirestation()
INFO: /person function post called for firestation : TestAddress, number : 42
2022-04-19 13:55:48 [main] com.mg.warning.firestation.FireStationController.postOneFirestation()
INFO: /person function post called for firestation : TestAddress, number : 42
2022-04-19 13:55:48 [main] com.mg.warning.firestation.FireStationController.updateOnePerson()
INFO: /person function update called for firestation : TestAddress, number : 42
2022-04-19 13:55:49 [main] com.mg.warning.medicalRecord.MedicalRecordController.postOneMedicalRecord()
INFO: /medicalRecord function post called for TestFirstName, TestLastName
2022-04-19 13:55:49 [main] com.mg.warning.medicalRecord.MedicalRecordController.updateOneMedicalRecord()
INFO: /medicalRecord function update called for TestFirstName, TestLastName
2022-04-19 13:55:49 [main] com.mg.warning.medicalRecord.MedicalRecordController.postOneMedicalRecord()
INFO: /medicalRecord function post called for TestFirstName, TestLastName
2022-04-19 13:55:49 [main] com.mg.warning.medicalRecord.MedicalRecordController.getAllMedicalRecords()
INFO: /medicalRecord/GetAll function get all called
2022-04-19 13:55:49 [main] com.mg.warning.medicalRecord.MedicalRecordController.delOneMedicalRecord()
INFO: /medicalRecord function delete called for TestFirstName, TestLastName
2022-04-19 13:55:49 [main] com.mg.warning.person.PersonController.postOnePerson()
INFO: /person function post called for TestFirstName, TestLastName
2022-04-19 13:55:49 [main] com.mg.warning.person.PersonController.updateOnePerson()
INFO: /person function update called for TestFirstName, TestLastName
2022-04-19 13:55:49 [main] com.mg.warning.person.PersonController.delOnePerson()
INFO: /person function delete called for TestFirstName, TestLastName
2022-04-19 13:55:49 [main] com.mg.warning.person.PersonController.postOnePerson()
INFO: /person function post called for TestFirstName, TestLastName
2022-04-19 13:55:49 [main] com.mg.warning.person.PersonController.getAllPersons()
INFO: /person function get all called
